Electric Version 8.01al
--------------- 0 --------------
Job Started [Current Cell: none] Init database, change
--------------- 1 --------------
Job Started [Current Cell: none] Read Initial Libraries, change
--------------- 2 --------------
Job Started [Current Cell: none] Display, examine
--------------- 3 --------------
Menu Activated: File | Open Library...
--------------- 4 --------------
Job Started [Current Cell: none] Read External Library, change
--------------- 5 --------------
Job Started [Current Cell: zzz:d{lay}] Display, examine
--------------- 6 --------------
Menu Activated: Tool | Compaction | Do Compaction
--------------- 7 --------------
Job Started [Current Cell: zzz:d{lay}] Compact Cell, change
--------------- 8 --------------
Menu Activated: Window | Toggle Grid
--------------- 9 --------------
Menu Activated: File | Quit
--------------- 10 --------------
Job Started [Current Cell: zzz:d{lay}] Quitting, change
