Electric Version 9.00o (built on 03.10.2010)
--------------- 0 --------------
  Sun Oct 03 17:01:44 MSD 2010
Menu Activated: Dima | SVN diff Maven
--------------- 1 --------------
  Sun Oct 03 17:01:44 MSD 2010
java.lang.NullPointerException
	at java.util.Arrays$ArrayList.<init>(Arrays.java:2835)
	at java.util.Arrays.asList(Arrays.java:2821)
	at com.sun.electric.plugins.tests.svn.SVNTools.svnDiff(SVNTools.java:100)
	at com.sun.electric.plugins.tests.svn.SVNTools.svnDiff(SVNTools.java:91)
	at com.sun.electric.plugins.tests.svn.SVNTools.svnDiff(SVNTools.java:87)
	at com.sun.electric.plugins.tests.svn.SVNTools.svnDiff(SVNTools.java:44)
	at com.sun.electric.plugins.tests.svn.SVNTools.svnDiff(SVNTools.java:39)
	at com.sun.electric.plugins.tests.DebugMenuDima$36.run(DebugMenuDima.java:378)
	at com.sun.electric.tool.user.menus.EMenuItem.actionPerformed(EMenuItem.java:377)
	at javax.swing.AbstractButton.fireActionPerformed(AbstractButton.java:2015)
	at javax.swing.AbstractButton$Handler.actionPerformed(AbstractButton.java:2338)
	at javax.swing.DefaultButtonModel.fireActionPerformed(DefaultButtonModel.java:402)
	at javax.swing.DefaultButtonModel.setPressed(DefaultButtonModel.java:259)
	at javax.swing.AbstractButton.doClick(AbstractButton.java:376)
	at javax.swing.plaf.basic.BasicMenuItemUI.doClick(BasicMenuItemUI.java:833)
	at javax.swing.plaf.basic.BasicMenuItemUI$Handler.mouseReleased(BasicMenuItemUI.java:877)
	at java.awt.Component.processMouseEvent(Component.java:6434)
	at javax.swing.JComponent.processMouseEvent(JComponent.java:3321)
	at java.awt.Component.processEvent(Component.java:6199)
	at java.awt.Container.processEvent(Container.java:2203)
	at java.awt.Component.dispatchEventImpl(Component.java:4790)
	at java.awt.Container.dispatchEventImpl(Container.java:2261)
	at java.awt.Component.dispatchEvent(Component.java:4616)
	at java.awt.LightweightDispatcher.retargetMouseEvent(Container.java:4803)
	at java.awt.LightweightDispatcher.processMouseEvent(Container.java:4463)
	at java.awt.LightweightDispatcher.dispatchEvent(Container.java:4393)
	at java.awt.Container.dispatchEventImpl(Container.java:2247)
	at java.awt.Window.dispatchEventImpl(Window.java:2671)
	at java.awt.Component.dispatchEvent(Component.java:4616)
	at java.awt.EventQueue.dispatchEvent(EventQueue.java:662)
	at com.sun.electric.tool.user.UserInterfaceMain$EventProcessor.dispatchEvent(UserInterfaceMain.java:1145)
	at java.awt.EventDispatchThread.pumpOneEventForFilters(EventDispatchThread.java:209)
	at java.awt.EventDispatchThread.pumpEventsForFilter(EventDispatchThread.java:128)
	at java.awt.EventDispatchThread.pumpEventsForHierarchy(EventDispatchThread.java:118)
	at java.awt.EventDispatchThread.pumpEvents(EventDispatchThread.java:113)
	at java.awt.EventDispatchThread.pumpEvents(EventDispatchThread.java:105)
	at java.awt.EventDispatchThread.run(EventDispatchThread.java:90)
--------------- 2 --------------
  Sun Oct 03 17:02:42 MSD 2010
Menu Activated: File | Quit
